Tests ran on: Wed Oct 12 14:30:44 UTC 2022

Compiler output:
g++: error: tmp.D1xIFVlsE5.cpp: No such file or directory
g++: fatal error: no input files
compilation terminated.

Compilation failed. Skipping tests.
