Tests ran on: Wed Oct 12 14:26:54 UTC 2022


Compiler output:
g++: error: tmp.oO6bMWslwO.cpp: No such file or directory
g++: fatal error: no input files
compilation terminated.

Compilation failed. Skipping tests.
